Arguments: 
  C:\Program Files\nodejs\node.exe C:\Users\ZinovNA\AppData\Roaming\npm\node_modules\yarn\bin\yarn.js

PATH: 
  C:\Users\ZinovNA\AppData\Local\Temp\yarn--1677689288940-0.8720873857434495;D:\Users\ZinovNA\Documents\nodejs\yandex-praktikum\game-crocodile\node_modules\.bin;C:\Users\ZinovNA\AppData\Local\Yarn\Data\link\node_modules\.bin;D:\Users\ZinovNA\Documents\nodejs\yandex-praktikum\game-crocodile\node_modules\.bin;C:\Users\ZinovNA\AppData\Roaming\npm\bin;C:\Program Files\libexec\lib\node_modules\npm\bin\node-gyp-bin;C:\Program Files\lib\node_modules\npm\bin\node-gyp-bin;C:\Program Files\nodejs\node_modules\npm\bin\node-gyp-bin;C:\Users\ZinovNA\AppData\Roaming\npm;D:\Users\ZinovNA\Documents\nodejs\yandex-praktikum\game-crocodile\node_modules\.bin;D:\Users\ZinovNA\Documents\nodejs\yandex-praktikum\node_modules\.bin;D:\Users\ZinovNA\Documents\nodejs\node_modules\.bin;D:\Users\ZinovNA\Documents\node_modules\.bin;D:\Users\ZinovNA\node_modules\.bin;D:\Users\node_modules\.bin;D:\node_modules\.bin;C:\Users\ZinovNA\AppData\Roaming\npm\node_modules\npm\node_modules\@npmcli\run-script\lib\node-gyp-bin;C:\Windows\system32;C:\Windows;C:\Windows\System32\Wbem;C:\Windows\System32\WindowsPowerShell\v1.0\;C:\Windows\System32\OpenSSH\;C:\Program Files\nodejs\;C:\Program Files\Git\cmd;C:\Program Files\Docker\Docker\resources\bin;C:\Users\ZinovNA\AppData\Local\Microsoft\WindowsApps;C:\Users\ZinovNA\AppData\Roaming\npm;C:\Users\ZinovNA\AppData\Local\Programs\Microsoft VS Code\bin;C:\Program Files\ffmpeg\bin;C:\Program Files\heroku\bin

Yarn version: 
  1.22.19

Node version: 
  16.17.1

Platform: 
  win32 x64

Trace: 
  Error: EPERM: operation not permitted, unlink 'D:\Users\ZinovNA\Documents\nodejs\yandex-praktikum\game-crocodile\node_modules\@parcel\watcher\prebuilds\win32-x64\node.napi.glibc.node'

npm manifest: 
  {
    "name": "client-server-template-with-vite",
    "private": true,
    "scripts": {
      "bootstrap": "yarn && node init.js && lerna clean && yarn && lerna bootstrap",
      "build": "lerna run build",
      "dev:client": "lerna run dev  --scope=client",
      "dev:server": "lerna run dev --scope=server",
      "dev": "lerna run dev",
      "test": "lerna run test",
      "lint": "lerna run lint",
      "format": "lerna run format",
      "preview": "lerna run preview"
    },
    "license": "MIT",
    "workspaces": [
      "packages/*"
    ],
    "engines": {
      "node": ">=15"
    },
    "devDependencies": {
      "@evilmartians/lefthook": "1.1.1",
      "lerna": "5.4.3"
    },
    "dependencies": {
      "bootstrap": "5.2.3",
      "react-bootstrap": "2.7.0",
      "react-dom": "18.2.0",
      "react-hook-form": "7.43.1",
      "react-redux": "^8.0.5",
      "react-router-dom": "6.8.1",
      "redux": "^4.2.1",
      "redux-thunk": "^2.4.2"
    }
  }

yarn manifest: 
  No manifest

Lockfile: 
  No lockfile
